2021-08-12 20:36:49,154:INFO:data_extraction: Table 'so' was successfully loaded. 15295 rows loaded.
2021-08-12 20:36:51,622:INFO:data_extraction: Table 'soitem' was successfully loaded. 100565 rows loaded.
2021-08-12 20:36:52,878:INFO:data_extraction: Table 'product' was successfully loaded. 8656 rows loaded.
2021-08-12 20:36:54,120:INFO:data_extraction: Table 'part' was successfully loaded. 8981 rows loaded.
2021-08-12 20:36:55,077:INFO:data_extraction: Table 'qbclass' was successfully loaded. 18 rows loaded.
2021-08-12 20:36:55,418:INFO:data_extraction: Table 'so' was successfully reduced to required fields.
2021-08-12 20:36:55,448:INFO:data_extraction: Table 'soitem' was successfully reduced to required fields.
2021-08-12 20:36:55,467:INFO:data_extraction: Table 'product' was successfully reduced to required fields.
2021-08-12 20:36:55,507:INFO:data_extraction: Table 'part' was successfully reduced to required fields.
2021-08-12 20:36:55,529:INFO:data_extraction: Table 'qbclass' was successfully reduced to required fields.
2021-08-12 20:36:58,377:INFO:data_extraction: DataFrame 'reduced_part' was successfully masked.
2021-08-12 20:37:00,201:INFO:data_extraction: DataFrame 'reduced_so' was successfully saved as parquet file
2021-08-12 20:37:02,138:INFO:data_extraction: DataFrame 'reduced_soitem' was successfully saved as parquet file
2021-08-12 20:37:02,588:INFO:data_extraction: DataFrame 'reduced_product' was successfully saved as parquet file
2021-08-12 20:37:04,958:INFO:data_extraction: DataFrame 'masked_part' was successfully saved as parquet file
2021-08-12 20:37:05,373:INFO:data_extraction: DataFrame 'reduced_qbclass' was successfully saved as parquet file
2021-08-12 20:37:12,162:INFO:data_extraction: Parquet file 'r_so' was successfully uploaded as Parquet file to S3 bucket. 3035 rows loaded
2021-08-12 20:37:18,339:INFO:data_extraction: Parquet file 'r_soitem' was successfully uploaded as Parquet file to S3 bucket. 100565 rows loaded
2021-08-12 20:37:23,411:INFO:data_extraction: Parquet file 'r_product' was successfully uploaded as Parquet file to S3 bucket. 8656 rows loaded
2021-08-12 20:37:29,612:INFO:data_extraction: Parquet file 'm_part' was successfully uploaded as Parquet file to S3 bucket. 8981 rows loaded
2021-08-12 21:58:00,217:INFO:data_extraction: Table 'so' was successfully loaded. 15295 rows loaded.
2021-08-12 21:58:05,460:INFO:data_extraction: Table 'soitem' was successfully loaded. 100565 rows loaded.
2021-08-12 21:58:07,003:INFO:data_extraction: Table 'product' was successfully loaded. 8656 rows loaded.
2021-08-12 21:58:08,288:INFO:data_extraction: Table 'part' was successfully loaded. 8981 rows loaded.
2021-08-12 21:58:09,208:INFO:data_extraction: Table 'qbclass' was successfully loaded. 18 rows loaded.
2021-08-12 21:58:09,518:INFO:data_extraction: Table 'so' was successfully reduced to required fields.
2021-08-12 21:58:09,545:INFO:data_extraction: Table 'soitem' was successfully reduced to required fields.
2021-08-12 21:58:09,562:INFO:data_extraction: Table 'product' was successfully reduced to required fields.
2021-08-12 21:58:09,603:INFO:data_extraction: Table 'part' was successfully reduced to required fields.
2021-08-12 21:58:09,625:INFO:data_extraction: Table 'qbclass' was successfully reduced to required fields.
2021-08-12 21:58:12,418:INFO:data_extraction: DataFrame 'reduced_part' was successfully masked.
2021-08-12 21:58:15,552:INFO:data_extraction: DataFrame 'reduced_so' was successfully saved as parquet file
2021-08-12 21:58:19,943:INFO:data_extraction: DataFrame 'reduced_soitem' was successfully saved as parquet file
2021-08-12 21:58:20,425:INFO:data_extraction: DataFrame 'reduced_product' was successfully saved as parquet file
2021-08-12 21:58:22,833:INFO:data_extraction: DataFrame 'masked_part' was successfully saved as parquet file
2021-08-12 21:58:23,149:INFO:data_extraction: DataFrame 'reduced_qbclass' was successfully saved as parquet file
2021-08-12 21:58:31,198:INFO:data_extraction: Parquet file 'r_so' was successfully uploaded as Parquet file to S3 bucket. 3035 rows loaded
2021-08-12 21:58:37,526:INFO:data_extraction: Parquet file 'r_soitem' was successfully uploaded as Parquet file to S3 bucket. 100565 rows loaded
2021-08-12 21:58:42,857:INFO:data_extraction: Parquet file 'r_product' was successfully uploaded as Parquet file to S3 bucket. 8656 rows loaded
2021-08-12 21:58:49,082:INFO:data_extraction: Parquet file 'm_part' was successfully uploaded as Parquet file to S3 bucket. 8981 rows loaded
