2021-06-20 22:44:38,194:INFO:__main__:Table so was successfully loaded. 14677 rows loaded
2021-06-20 22:44:40,250:INFO:__main__:Table soitem was successfully loaded. 96212 rows loaded
2021-06-20 22:44:41,246:INFO:__main__:Table product was successfully loaded. 8337 rows loaded
2021-06-20 22:44:42,183:INFO:__main__:Table part was successfully loaded. 8593 rows loaded
2021-06-20 22:44:42,463:INFO:__main__:Table so was successfully reduced to required fields
2021-06-20 22:44:42,490:INFO:__main__:Table soitem was successfully reduced to required fields
2021-06-20 22:44:42,509:INFO:__main__:Table product was successfully reduced to required fields
2021-06-20 22:44:42,557:INFO:__main__:Table part was successfully reduced to required fields
2021-06-20 22:44:44,895:INFO:__main__:DataFrame reduced_part was successfully masked
2021-06-20 22:44:47,073:INFO:__main__:DataFrame reduced_so was successfully saved as parquet file
2021-06-20 22:44:48,416:INFO:__main__:DataFrame reduced_soitem was successfully saved as parquet file
2021-06-20 22:44:49,191:INFO:__main__:DataFrame reduced_product was successfully saved as parquet file
2021-06-20 22:44:50,792:INFO:__main__:DataFrame masked_part was successfully saved as parquet file
2021-06-20 22:44:51,227:INFO:__main__:Parquet file so was successfully loaded into DataFrame. 2417 rows loaded
2021-06-20 22:44:51,492:INFO:__main__:Parquet file soitem was successfully loaded into DataFrame. 96212 rows loaded
2021-06-20 22:44:51,669:INFO:__main__:Parquet file product was successfully loaded into DataFrame. 8337 rows loaded
2021-06-20 22:44:51,846:INFO:__main__:Parquet file part was successfully loaded into DataFrame. 8593 rows loaded
2021-06-20 22:44:51,874:INFO:__main__:Trans. on DataFrame so completed: Transactions with status 80, 85, 90 or 95 were filtered out
2021-06-20 22:44:52,075:INFO:__main__:Rows count is 2394
2021-06-20 22:44:52,281:INFO:__main__:Trans. on DataFrame so completed: Currency field with value null was replaced with 1 (USD)
2021-06-20 22:44:52,403:INFO:__main__:Rows count is 2394
2021-06-20 22:44:52,729:INFO:__main__:Trans. on DataFrame so completed: Sales transactions were categorized
2021-06-20 22:44:52,871:INFO:__main__:Rows count is 2394
2021-06-20 22:44:53,207:INFO:__main__:Trans. on DataFrame so completed: Sales transactions with categories Others, Samples and RMA were filtered out
2021-06-20 22:44:53,478:INFO:__main__:Rows count is 2315
2021-06-20 22:44:53,753:INFO:__main__:Trans. on DataFrame soitem completed: Items with typeId 10 were filtered
2021-06-20 22:44:53,954:INFO:__main__:Rows count is 81205
2021-06-20 22:44:54,097:INFO:__main__:Trans. on DataFrame soitem completed: Column qtyOrdered was rounded to zero digits
2021-06-20 22:44:54,214:INFO:__main__:Rows count is 81205
2021-06-20 22:44:54,378:INFO:__main__:Trans. on DataFrame part completed: Columns len, width and height were rounded to 2 digits
2021-06-20 22:44:54,470:INFO:__main__:Rows count is 8593
2021-06-20 22:44:55,039:INFO:__main__:Trans: DataFrame soitem joined with DataFrame so
2021-06-20 22:44:55,447:INFO:__main__:Rows count is 11084
2021-06-20 22:44:55,865:INFO:__main__:Trans: DataFrame categorized_items joined with DataFrame product
2021-06-20 22:44:56,229:INFO:__main__:Rows count is 11084
2021-06-20 22:44:56,712:INFO:__main__:Trans: DataFrame categorized_items joined with DataFrame part
2021-06-20 22:44:57,066:INFO:__main__:Rows count is 11084
2021-06-20 22:44:59,557:INFO:__main__:Table Fact_Sales was successfully saved as parquet file
2021-06-20 22:45:00,386:INFO:__main__:Table Dim_Products was successfully saved as parquet file
2021-06-20 22:45:01,160:INFO:__main__:Table Dim_Sales_Channels was successfully saved as parquet file
2021-06-20 22:45:01,918:INFO:__main__:Table Dim_Dates was successfully saved as parquet file
2021-06-20 22:45:01,919:INFO:__main__:Script runnig time was 36.68 secs
